{"level":"error","message":null,"timestamp":"2024-08-05T12:58:04.546Z"}
{"level":"error","message":null,"timestamp":"2024-08-05T12:58:04.584Z"}
{"level":"error","message":null,"timestamp":"2024-08-07T14:27:08.151Z"}
{"level":"error","message":null,"timestamp":"2024-08-07T14:31:59.287Z"}
{"level":"error","message":null,"timestamp":"2024-08-07T14:35:47.361Z"}
{"level":"error","message":null,"timestamp":"2024-08-07T14:35:58.334Z"}
{"level":"error","message":null,"timestamp":"2024-08-07T14:55:20.329Z"}
{"level":"error","message":null,"timestamp":"2024-08-07T14:57:30.731Z"}
{"level":"error","message":null,"timestamp":"2024-08-07T14:57:49.567Z"}
{"level":"error","message":null,"timestamp":"2024-08-07T15:05:22.713Z"}
{"level":"error","message":null,"timestamp":"2024-08-07T15:07:08.937Z"}
{"level":"error","message":null,"timestamp":"2024-08-07T15:17:42.500Z"}
{"level":"error","message":null,"timestamp":"2024-08-07T15:18:13.904Z"}
{"level":"error","message":null,"timestamp":"2024-08-07T16:44:32.617Z"}
{"level":"error","message":null,"timestamp":"2024-08-07T16:45:33.122Z"}
{"level":"error","message":null,"timestamp":"2024-08-07T16:45:47.911Z"}
{"level":"error","message":null,"timestamp":"2024-08-07T16:47:37.027Z"}
{"level":"error","message":null,"timestamp":"2024-08-07T16:49:04.520Z"}
{"level":"error","message":null,"timestamp":"2024-08-07T16:52:20.558Z"}
{"level":"error","message":null,"timestamp":"2024-08-07T16:53:06.879Z"}
{"level":"error","message":null,"timestamp":"2024-08-07T16:53:20.783Z"}
{"level":"error","message":null,"timestamp":"2024-08-07T16:53:22.220Z"}
{"level":"error","message":null,"timestamp":"2024-08-07T16:53:22.302Z"}
{"level":"error","message":null,"timestamp":"2024-08-07T17:07:20.689Z"}
{"level":"error","message":null,"timestamp":"2024-08-07T17:07:50.718Z"}
{"level":"error","message":null,"timestamp":"2024-08-07T17:08:40.333Z"}
{"level":"error","message":null,"timestamp":"2024-08-07T17:09:13.748Z"}
{"level":"error","message":null,"timestamp":"2024-08-07T17:19:00.096Z"}
{"level":"error","message":null,"timestamp":"2024-08-07T17:21:05.340Z"}
{"level":"error","message":null,"timestamp":"2024-08-07T17:25:28.033Z"}
{"level":"error","message":null,"timestamp":"2024-08-07T17:26:20.998Z"}
{"level":"error","message":null,"timestamp":"2024-08-07T17:27:11.171Z"}
{"level":"error","message":null,"timestamp":"2024-08-07T17:29:34.049Z"}
{"level":"error","message":null,"timestamp":"2024-08-07T17:30:40.394Z"}
{"level":"error","message":null,"timestamp":"2024-08-07T17:31:07.465Z"}
{"level":"error","message":null,"timestamp":"2024-08-07T17:32:37.035Z"}
{"level":"error","message":null,"timestamp":"2024-08-07T17:32:42.414Z"}
{"level":"error","message":null,"timestamp":"2024-08-07T18:30:07.740Z"}
{"level":"error","message":null,"timestamp":"2024-08-07T18:30:33.747Z"}
{"level":"error","message":null,"timestamp":"2024-08-07T18:30:34.299Z"}
{"level":"error","message":null,"timestamp":"2024-08-07T18:30:34.956Z"}
{"level":"error","message":null,"timestamp":"2024-08-07T18:30:35.445Z"}
{"level":"error","message":null,"timestamp":"2024-08-27T12:58:13.314Z"}
{"level":"error","message":null,"timestamp":"2024-08-27T12:58:13.342Z"}
{"level":"error","message":null,"timestamp":"2024-08-27T13:27:18.761Z"}
{"level":"error","message":null,"timestamp":"2024-08-27T13:27:18.788Z"}
{"level":"error","message":null,"timestamp":"2024-08-27T13:32:31.846Z"}
{"level":"error","message":null,"timestamp":"2024-08-27T13:32:31.877Z"}
{"level":"error","message":null,"timestamp":"2024-08-27T13:32:31.891Z"}
{"level":"error","message":"Cannot read properties of undefined (reading 'emit')","timestamp":"2024-08-28T18:03:43.237Z"}
{"level":"error","message":"Cannot read properties of undefined (reading 'emit')","timestamp":"2024-08-28T18:03:45.203Z"}
{"level":"error","message":"Cannot read properties of undefined (reading 'emit')","timestamp":"2024-08-28T18:03:45.973Z"}
{"level":"error","message":"Cannot read properties of undefined (reading 'emit')","timestamp":"2024-08-28T18:03:48.485Z"}
{"level":"error","message":"Cannot read properties of undefined (reading 'emit')","timestamp":"2024-08-28T18:03:52.250Z"}
{"level":"error","message":"Cannot read properties of undefined (reading 'emit')","timestamp":"2024-08-28T18:03:56.139Z"}
{"level":"error","timestamp":"2024-08-28T19:31:55.184Z"}
{"level":"error","message":"Cannot read properties of undefined (reading 'emit')","timestamp":"2024-09-02T13:40:23.780Z"}
{"level":"error","message":"Cannot read properties of undefined (reading 'emit')","timestamp":"2024-09-02T13:41:14.940Z"}
{"level":"error","message":null,"timestamp":"2024-09-04T17:13:24.583Z"}
{"level":"error","timestamp":"2024-09-08T05:14:10.429Z"}
{"level":"error","message":"Cast to ObjectId failed for value \"{ _id: 'undefined' }\" (type Object) at path \"_id\" for model \"users\"","timestamp":"2024-09-08T12:14:31.359Z"}
{"level":"error","message":"userService is not defined","timestamp":"2024-09-08T14:14:30.950Z"}
{"level":"error","message":"userService is not defined","timestamp":"2024-09-08T14:15:29.194Z"}
{"level":"error","message":"userService.getById is not a function","timestamp":"2024-09-08T14:18:19.617Z"}
{"level":"error","message":"userService.getById is not a function","timestamp":"2024-09-08T14:21:44.344Z"}
{"level":"error","message":"userService.getById is not a function","timestamp":"2024-09-08T14:26:31.545Z"}
{"level":"error","message":"Cannot read properties of undefined (reading 'findById')","timestamp":"2024-09-08T14:37:37.102Z"}
{"level":"error","message":"Cannot read properties of undefined (reading 'findById')","timestamp":"2024-09-08T14:39:29.811Z"}
{"level":"error","message":"Cannot read properties of undefined (reading 'findById')","timestamp":"2024-09-08T14:44:36.373Z"}
{"level":"error","message":"UsersService.getById is not a function","timestamp":"2024-09-08T15:19:52.767Z"}
{"level":"error","message":"UsersService.getById is not a function","timestamp":"2024-09-08T15:21:41.971Z"}
{"level":"error","message":"UsersService.getById is not a function","timestamp":"2024-09-08T15:26:10.732Z"}
{"level":"error","message":"UsersService.getById is not a function","timestamp":"2024-09-08T18:34:03.887Z"}
{"level":"error","message":"UsersService.getById is not a function","timestamp":"2024-09-08T18:34:56.503Z"}
{"level":"error","message":"UsersService.getById is not a function","timestamp":"2024-09-08T18:53:27.701Z"}
{"level":"error","message":"UsersService.getById is not a function","timestamp":"2024-09-08T19:02:53.745Z"}
{"level":"error","message":"UsersService.getById is not a function","timestamp":"2024-09-08T19:26:14.533Z"}
{"level":"error","message":"UsersService.getById is not a function","timestamp":"2024-09-08T19:31:15.777Z"}
{"level":"error","message":"UsersService.getById is not a function","timestamp":"2024-09-08T19:37:44.183Z"}
{"level":"error","message":"UsersService.getById is not a function","timestamp":"2024-09-08T19:39:18.807Z"}
{"level":"error","message":"UsersService.getById is not a function","timestamp":"2024-09-08T19:40:50.436Z"}
{"level":"error","message":"Cast to ObjectId failed for value \"{ _id: undefined }\" (type Object) at path \"_id\" for model \"users\"","timestamp":"2024-09-08T19:43:33.774Z"}
{"level":"error","message":"UsersService is not defined","timestamp":"2024-09-08T19:45:23.147Z"}
{"level":"error","message":"userService.updateUser is not a function","timestamp":"2024-09-08T19:47:14.602Z"}
{"level":"error","timestamp":"2024-09-08T19:58:03.737Z"}
{"level":"error","timestamp":"2024-09-08T19:58:36.618Z"}
{"level":"error","message":"Cast to ObjectId failed for value \"{ uid: '66de01ec7adddf98f4ff725d' }\" (type Object) at path \"_id\" for model \"users\"","timestamp":"2024-09-08T20:00:21.505Z"}
{"level":"error","message":"Cast to ObjectId failed for value \"{ uid: '66de01ec7adddf98f4ff725d' }\" (type Object) at path \"_id\" for model \"users\"","timestamp":"2024-09-08T20:02:12.223Z"}
{"level":"error","message":"Cast to ObjectId failed for value \"{ uid: '66de01ec7adddf98f4ff725d' }\" (type Object) at path \"_id\" for model \"users\"","timestamp":"2024-09-08T20:03:12.306Z"}
{"level":"error","message":"Cast to ObjectId failed for value \"{ uid: '66de01ec7adddf98f4ff725d' }\" (type Object) at path \"_id\" for model \"users\"","timestamp":"2024-09-08T20:04:01.088Z"}
{"level":"error","message":"Cast to ObjectId failed for value \"{ uid: '66de0365106a3a3c422eaead' }\" (type Object) at path \"_id\" for model \"users\"","timestamp":"2024-09-08T20:05:06.265Z"}
{"level":"error","message":"Cast to ObjectId failed for value \"{ uid: '66de0365106a3a3c422eaead' }\" (type Object) at path \"_id\" for model \"users\"","timestamp":"2024-09-08T20:07:50.777Z"}
{"level":"error","message":"Parameter \"filter\" to findOneAndUpdate() must be an object, got \"66de0365106a3a3c422eaead\" (type string)","timestamp":"2024-09-08T20:19:52.634Z"}
{"level":"error","message":"Parameter \"filter\" to findOneAndUpdate() must be an object, got \"66de0365106a3a3c422eaead\" (type string)","timestamp":"2024-09-08T20:21:20.059Z"}
{"cause":null,"code":1,"level":"error","name":"IncompleteDocumentsError","timestamp":"2024-09-08T21:07:10.917Z"}
{"cause":null,"code":1,"level":"error","name":"IncompleteDocumentsError","timestamp":"2024-09-08T21:10:11.518Z"}
{"cause":null,"code":1,"level":"error","name":"IncompleteDocumentsError","timestamp":"2024-09-08T21:12:44.134Z"}
